#
# There is insufficient memory for the Java Runtime Environment to continue.
# Native memory allocation (malloc) failed to allocate 911056 bytes for Chunk::new
# Possible reasons:
#   The system is out of physical RAM or swap space
#   The process is running with CompressedOops enabled, and the Java Heap may be blocking the growth of the native heap
# Possible solutions:
#   Reduce memory load on the system
#   Increase physical memory or swap space
#   Check if swap backing store is full
#   Decrease Java heap size (-Xmx/-Xms)
#   Decrease number of Java threads
#   Decrease Java thread stack sizes (-Xss)
#   Set larger code cache with -XX:ReservedCodeCacheSize=
#   JVM is running with Unscaled Compressed Oops mode in which the Java heap is
#     placed in the first 4GB address space. The Java Heap base address is the
#     maximum limit for the native heap growth. Please use -XX:HeapBaseMinAddress
#     to set the Java Heap base and to place the Java Heap above 4GB virtual address.
# This output file may be truncated or incomplete.
#
#  Out of Memory Error (allocation.cpp:389), pid=6280, tid=0x00000000000038a8
#
# JRE version: OpenJDK Runtime Environment (8.0_212-b04) (build 1.8.0_212-release-1586-b04)
# Java VM: OpenJDK 64-Bit Server VM (25.212-b04 mixed mode windows-amd64 compressed oops)
# Failed to write core dump. Minidumps are not enabled by default on client versions of Windows
#

---------------  T H R E A D  ---------------

Current thread (0x00000000169b6800):  JavaThread "C2 CompilerThread1" daemon [_thread_in_native, id=14504, stack(0x0000000018120000,0x0000000018220000)]

Stack: [0x0000000018120000,0x0000000018220000]
[error occurred during error reporting (printing stack bounds), id 0xc0000005]

Native frames: (J=compiled Java code, j=interpreted, Vv=VM code, C=native code)


Current CompileTask:
C2:3199895 22287   !   4       java.io.ObjectOutputStream::writeObject0 (619 bytes)


---------------  P R O C E S S  ---------------

Java Threads: ( => current thread )
  0x000000001a52c800 JavaThread "stdout" [_thread_in_native, id=15508, stack(0x000000002b200000,0x000000002b300000)]
  0x000000001a533800 JavaThread "stderr" [_thread_in_native, id=19492, stack(0x000000002b100000,0x000000002b200000)]
  0x000000001a532000 JavaThread "stdout" [_thread_in_native, id=18296, stack(0x000000002b000000,0x000000002b100000)]
  0x000000001a531000 JavaThread "stderr" [_thread_in_native, id=7928, stack(0x000000002af00000,0x000000002b000000)]
  0x000000001fd43000 JavaThread "WorkerExecutor Queue Thread 4" [_thread_blocked, id=16040, stack(0x000000002a800000,0x000000002a900000)]
  0x000000001fd42000 JavaThread "pool-19-thread-1" [_thread_blocked, id=13204, stack(0x000000002a700000,0x000000002a800000)]
  0x000000001fd45000 JavaThread "WorkerExecutor Queue Thread 3" [_thread_in_Java, id=1784, stack(0x000000002a600000,0x000000002a700000)]
  0x000000001fd41800 JavaThread "WorkerExecutor Queue Thread 2" [_thread_blocked, id=23660, stack(0x000000002a500000,0x000000002a600000)]
  0x000000001fd3f000 JavaThread "WorkerExecutor Queue" [_thread_in_native, id=6484, stack(0x000000002a400000,0x000000002a500000)]
  0x000000001fd43800 JavaThread "Cache worker for execution history cache (D:\Android_Projects\AutomaHouse\.gradle\5.6.4\executionHistory)" [_thread_blocked, id=356, stack(0x000000002a200000,0x000000002a300000)]
  0x000000001fd37800 JavaThread "Execution worker for ':' Thread 3" [_thread_blocked, id=17956, stack(0x0000000028730000,0x0000000028830000)]
  0x000000001fd3d000 JavaThread "Execution worker for ':' Thread 2" [_thread_blocked, id=15916, stack(0x0000000026e60000,0x0000000026f60000)]
  0x000000001fd3b800 JavaThread "Execution worker for ':'" [_thread_blocked, id=8844, stack(0x0000000024a80000,0x0000000024b80000)]
  0x000000001fd38800 JavaThread "Cache worker for file content cache (D:\Android_Projects\AutomaHouse\.gradle\5.6.4\fileContent)" [_thread_blocked, id=888, stack(0x0000000024710000,0x0000000024810000)]
  0x000000001fd3a800 JavaThread "Cache worker for Build Output Cleanup Cache (D:\Android_Projects\AutomaHouse\.gradle\buildOutputCleanup)" [_thread_blocked, id=6992, stack(0x0000000024410000,0x0000000024510000)]
  0x000000001fd37000 JavaThread "pool-16-thread-1" [_thread_blocked, id=15296, stack(0x0000000024110000,0x0000000024210000)]
  0x000000001fd3d800 JavaThread "Build operations Thread 4" [_thread_blocked, id=14052, stack(0x0000000023e10000,0x0000000023f10000)]
  0x000000001fd0a800 JavaThread "Build operations Thread 3" [_thread_blocked, id=14728, stack(0x0000000022740000,0x0000000022840000)]
  0x000000001fd0a000 JavaThread "Build operations Thread 2" [_thread_blocked, id=21952, stack(0x0000000021a40000,0x0000000021b40000)]
  0x000000001fd0e800 JavaThread "Build operations" [_thread_blocked, id=7764, stack(0x0000000021690000,0x0000000021790000)]
  0x000000001fd09000 JavaThread "Cache worker for cache directory md-rule (C:\Users\Diego\.gradle\caches\5.6.4\md-rule)" [_thread_blocked, id=5552, stack(0x0000000021590000,0x0000000021690000)]
  0x000000001fd08800 JavaThread "Cache worker for cache directory md-supplier (C:\Users\Diego\.gradle\caches\5.6.4\md-supplier)" [_thread_blocked, id=14496, stack(0x0000000021490000,0x0000000021590000)]
  0x000000001fd0c000 JavaThread "Cache worker for file hash cache (D:\Android_Projects\AutomaHouse\.gradle\5.6.4\fileHashes)" [_thread_blocked, id=13128, stack(0x000000001f000000,0x000000001f100000)]
  0x000000001fd0d800 JavaThread "Thread-176" [_thread_blocked, id=13784, stack(0x000000001ef00000,0x000000001f000000)]
  0x000000001fd0b800 JavaThread "Stdin handler" [_thread_blocked, id=10104, stack(0x000000001c260000,0x000000001c360000)]
  0x000000001fd04800 JavaThread "Asynchronous log dispatcher for DefaultDaemonConnection: socket connection from /127.0.0.1:59010 to /127.0.0.1:59457" [_thread_blocked, id=22080, stack(0x000000001bf60000,0x000000001c060000)]
  0x000000001fd06000 JavaThread "Daemon worker Thread 7" [_thread_blocked, id=6076, stack(0x000000001be60000,0x000000001bf60000)]
  0x000000001fcff800 JavaThread "Cancel handler" [_thread_blocked, id=13904, stack(0x000000001bb60000,0x000000001bc60000)]
  0x000000001fd01800 JavaThread "Handler for socket connection from /127.0.0.1:59010 to /127.0.0.1:59457" [_thread_in_native, id=16008, stack(0x000000001ba60000,0x000000001bb60000)]
  0x000000001fd03000 JavaThread "Daemon Thread 7" [_thread_blocked, id=372, stack(0x0000000001490000,0x0000000001590000)]
  0x000000001fd02800 JavaThread "Cache worker for Java compile cache (C:\Users\Diego\.gradle\caches\5.6.4\javaCompile)" [_thread_blocked, id=15052, stack(0x0000000026d60000,0x0000000026e60000)]
  0x000000001a52e000 JavaThread "Cache worker for file content cache (C:\Users\Diego\.gradle\caches\5.6.4\fileContent)" [_thread_blocked, id=3128, stack(0x0000000022640000,0x0000000022740000)]
  0x000000001a535000 JavaThread "Memory manager" [_thread_blocked, id=15312, stack(0x0000000022540000,0x0000000022640000)]
  0x000000001a52f000 JavaThread "Cache worker for execution history cache (C:\Users\Diego\.gradle\caches\5.6.4\executionHistory)" [_thread_blocked, id=6552, stack(0x0000000020b90000,0x0000000020c90000)]
  0x00000000169c0800 JavaThread "Cache worker for journal cache (C:\Users\Diego\.gradle\caches\journal-1)" [_thread_blocked, id=12456, stack(0x000000001c760000,0x000000001c860000)]
  0x00000000169c3800 JavaThread "File lock request listener" [_thread_in_native, id=7444, stack(0x000000001c660000,0x000000001c760000)]
  0x00000000169c2000 JavaThread "Cache worker for file hash cache (C:\Users\Diego\.gradle\caches\5.6.4\fileHashes)" [_thread_blocked, id=12984, stack(0x000000001c560000,0x000000001c660000)]
  0x00000000183d3000 JavaThread "Daemon periodic checks" [_thread_blocked, id=19952, stack(0x000000001b960000,0x000000001ba60000)]
  0x00000000183d8000 JavaThread "Incoming local TCP Connector on port 59010" [_thread_in_native, id=2784, stack(0x000000001b700000,0x000000001b800000)]
  0x000000001a1aa800 JavaThread "Daemon health stats" [_thread_blocked, id=9772, stack(0x000000001b0c0000,0x000000001b1c0000)]
  0x0000000018350800 JavaThread "Service Thread" daemon [_thread_blocked, id=11500, stack(0x0000000018720000,0x0000000018820000)]
  0x00000000169bd800 JavaThread "C1 CompilerThread2" daemon [_thread_blocked, id=15136, stack(0x0000000018220000,0x0000000018320000)]
=>0x00000000169b6800 JavaThread "C2 CompilerThread1" daemon [_thread_in_native, id=14504, stack(0x0000000018120000,0x0000000018220000)]
  0x00000000169ae800 JavaThread "C2 CompilerThread0" daemon [_thread_in_native, id=3404, stack(0x0000000018020000,0x0000000018120000)]
  0x00000000169ad800 JavaThread "Attach Listener" daemon [_thread_blocked, id=22772, stack(0x0000000017f20000,0x0000000018020000)]
  0x00000000169aa800 JavaThread "Signal Dispatcher" daemon [_thread_blocked, id=2892, stack(0x0000000017e20000,0x0000000017f20000)]
  0x000000000303b000 JavaThread "Finalizer" daemon [_thread_blocked, id=13556, stack(0x0000000017c10000,0x0000000017d10000)]
  0x0000000016999000 JavaThread "Reference Handler" daemon [_thread_blocked, id=7360, stack(0x0000000017b10000,0x0000000017c10000)]
  0x0000000002f42800 JavaThread "main" [_thread_blocked, id=6476, stack(0x0000000002e00000,0x0000000002f00000)]

Other Threads:
  0x0000000016977800 VMThread [stack: 0x0000000017a10000,0x0000000017b10000] [id=10180]
  0x0000000016a0e000 WatcherThread [stack: 0x0000000018820000,0x0000000018920000] [id=12532]

VM state:not at safepoint (normal execution)

VM Mutex/Monitor currently owned by a thread: None

heap address: 0x00000000a0000000, size: 1536 MB, Compressed Oops mode: 32-bit
Narrow klass base: 0x0000000000000000, Narrow klass shift: 3
Compressed class space size: 1073741824 Address: 0x0000000100000000

Heap:
 PSYoungGen      total 317440K, used 85168K [0x00000000e0000000, 0x00000000fa780000, 0x0000000100000000)
  eden space 251904K, 9% used [0x00000000e0000000,0x00000000e1832ad0,0x00000000ef600000)
  from space 65536K, 92% used [0x00000000ef600000,0x00000000f30f98b8,0x00000000f3600000)
  to   space 73728K, 0% used [0x00000000f5f80000,0x00000000f5f80000,0x00000000fa780000)
 ParOldGen       total 196608K, used 92578K [0x00000000a0000000, 0x00000000ac000000, 0x00000000e0000000)
  object space 196608K, 47% used [0x00000000a0000000,0x00000000a5a689f0,0x00000000ac000000)
 Metaspace       used 102579K, capacity 108146K, committed 108352K, reserved 1142784K
  class space    used 13229K, capacity 14318K, committed 14424K, reserved 1048576K

Card table byte_map: [0x0000000012400000,0x0000000012710000] byte_map_base: 0x0000000011f00000

Marking Bits: (ParMarkBitMap*) 0x00000000757e9f30
 Begin Bits: [0x0000000012d10000, 0x0000000014510000)
 End Bits:   [0x0000000014510000, 0x0000000015d10000)

Polling page: 0x00000000010b0000

CodeCache: size=245760Kb used=60268Kb max_used=60270Kb free=185491Kb
 bounds [0x0000000003040000, 0x0000000006b80000, 0x0000000012040000]
 total_blobs=18502 nmethods=17592 adapters=822
 compilation: enabled

Compilation events (10 events):
Event: 3199.818 Thread 0x00000000169ae800 nmethod 22289 0x0000000006b5e250 code [0x0000000006b5e3e0, 0x0000000006b5e868]
Event: 3199.818 Thread 0x00000000169ae800 22293       4       java.io.ObjectStreamField::<init> (268 bytes)
Event: 3199.822 Thread 0x00000000169ae800 nmethod 22293 0x0000000006b5d590 code [0x0000000006b5d820, 0x0000000006b5daa8]
Event: 3199.876 Thread 0x00000000169bd800 22300       3       com.google.common.util.concurrent.AbstractFuture$TrustedFuture::isDone (5 bytes)
Event: 3199.878 Thread 0x00000000169bd800 nmethod 22300 0x0000000006b5dc90 code [0x0000000006b5de00, 0x0000000006b5e150]
Event: 3199.887 Thread 0x00000000169bd800 22301       3       com.android.builder.internal.aapt.v2.Aapt2DaemonManager$LeasedAaptDaemon::compile (38 bytes)
Event: 3199.888 Thread 0x00000000169bd800 nmethod 22301 0x0000000006b5f8d0 code [0x0000000006b5faa0, 0x0000000006b60128]
Event: 3199.888 Thread 0x00000000169bd800 22302   !   3       com.android.builder.internal.aapt.v2.Aapt2Daemon::compile (112 bytes)
Event: 3199.891 Thread 0x00000000169bd800 nmethod 22302 0x0000000006b62510 code [0x0000000006b628a0, 0x0000000006b647c8]
Event: 3199.893 Thread 0x00000000169ae800 22303  s    4       java.io.File::readObject (80 bytes)

GC Heap History (10 events):
Event: 2446.373 GC heap before
{Heap before GC invocations=27 (full 4):
 PSYoungGen      total 236032K, used 232072K [0x00000000e0000000, 0x00000000f0900000, 0x0000000100000000)
  eden space 206848K, 99% used [0x00000000e0000000,0x00000000ec9ffd48,0x00000000eca00000)
  from space 29184K, 86% used [0x00000000eec80000,0x00000000f0522638,0x00000000f0900000)
  to   space 32256K, 0% used [0x00000000eca00000,0x00000000eca00000,0x00000000ee980000)
 ParOldGen       total 196608K, used 46428K [0x00000000a0000000, 0x00000000ac000000, 0x00000000e0000000)
  object space 196608K, 23% used [0x00000000a0000000,0x00000000a2d57020,0x00000000ac000000)
 Metaspace       used 98964K, capacity 103770K, committed 104000K, reserved 1138688K
  class space    used 12935K, capacity 13900K, committed 13912K, reserved 1048576K
Event: 2446.408 GC heap after
Heap after GC invocations=27 (full 4):
 PSYoungGen      total 239104K, used 23292K [0x00000000e0000000, 0x00000000f2480000, 0x0000000100000000)
  eden space 206848K, 0% used [0x00000000e0000000,0x00000000e0000000,0x00000000eca00000)
  from space 32256K, 72% used [0x00000000eca00000,0x00000000ee0bf170,0x00000000ee980000)
  to   space 33280K, 0% used [0x00000000f0400000,0x00000000f0400000,0x00000000f2480000)
 ParOldGen       total 196608K, used 46436K [0x00000000a0000000, 0x00000000ac000000, 0x00000000e0000000)
  object space 196608K, 23% used [0x00000000a0000000,0x00000000a2d59020,0x00000000ac000000)
 Metaspace       used 98964K, capacity 103770K, committed 104000K, reserved 1138688K
  class space    used 12935K, capacity 13900K, committed 13912K, reserved 1048576K
}
Event: 2450.050 GC heap before
{Heap before GC invocations=28 (full 4):
 PSYoungGen      total 239104K, used 230139K [0x00000000e0000000, 0x00000000f2480000, 0x0000000100000000)
  eden space 206848K, 99% used [0x00000000e0000000,0x00000000ec9ffdf0,0x00000000eca00000)
  from space 32256K, 72% used [0x00000000eca00000,0x00000000ee0bf170,0x00000000ee980000)
  to   space 33280K, 0% used [0x00000000f0400000,0x00000000f0400000,0x00000000f2480000)
 ParOldGen       total 196608K, used 46436K [0x00000000a0000000, 0x00000000ac000000, 0x00000000e0000000)
  object space 196608K, 23% used [0x00000000a0000000,0x00000000a2d59020,0x00000000ac000000)
 Metaspace       used 100136K, capacity 105106K, committed 105152K, reserved 1140736K
  class space    used 13037K, capacity 13996K, committed 14040K, reserved 1048576K
Event: 2450.113 GC heap after
Heap after GC invocations=28 (full 4):
 PSYoungGen      total 257024K, used 33277K [0x00000000e0000000, 0x00000000f3800000, 0x0000000100000000)
  eden space 223744K, 0% used [0x00000000e0000000,0x00000000e0000000,0x00000000eda80000)
  from space 33280K, 99% used [0x00000000f0400000,0x00000000f247f648,0x00000000f2480000)
  to   space 42496K, 0% used [0x00000000eda80000,0x00000000eda80000,0x00000000f0400000)
 ParOldGen       total 196608K, used 58382K [0x00000000a0000000, 0x00000000ac000000, 0x00000000e0000000)
  object space 196608K, 29% used [0x00000000a0000000,0x00000000a3903ba0,0x00000000ac000000)
 Metaspace       used 100136K, capacity 105106K, committed 105152K, reserved 1140736K
  class space    used 13037K, capacity 13996K, committed 14040K, reserved 1048576K
}
Event: 2452.347 GC heap before
{Heap before GC invocations=29 (full 4):
 PSYoungGen      total 257024K, used 257021K [0x00000000e0000000, 0x00000000f3800000, 0x0000000100000000)
  eden space 223744K, 100% used [0x00000000e0000000,0x00000000eda80000,0x00000000eda80000)
  from space 33280K, 99% used [0x00000000f0400000,0x00000000f247f648,0x00000000f2480000)
  to   space 42496K, 0% used [0x00000000eda80000,0x00000000eda80000,0x00000000f0400000)
 ParOldGen       total 196608K, used 58382K [0x00000000a0000000, 0x00000000ac000000, 0x00000000e0000000)
  object space 196608K, 29% used [0x00000000a0000000,0x00000000a3903ba0,0x00000000ac000000)
 Metaspace       used 101138K, capacity 106278K, committed 106560K, reserved 1142784K
  class space    used 13100K, capacity 14122K, committed 14168K, reserved 1048576K
Event: 2452.491 GC heap after
Heap after GC invocations=29 (full 4):
 PSYoungGen      total 266240K, used 42480K [0x00000000e0000000, 0x00000000f7180000, 0x0000000100000000)
  eden space 223744K, 0% used [0x00000000e0000000,0x00000000e0000000,0x00000000eda80000)
  from space 42496K, 99% used [0x00000000eda80000,0x00000000f03fc1f8,0x00000000f0400000)
  to   space 60928K, 0% used [0x00000000f3600000,0x00000000f3600000,0x00000000f7180000)
 ParOldGen       total 196608K, used 92562K [0x00000000a0000000, 0x00000000ac000000, 0x00000000e0000000)
  object space 196608K, 47% used [0x00000000a0000000,0x00000000a5a649f0,0x00000000ac000000)
 Metaspace       used 101138K, capacity 106278K, committed 106560K, reserved 1142784K
  class space    used 13100K, capacity 14122K, committed 14168K, reserved 1048576K
}
Event: 3196.411 GC heap before
{Heap before GC invocations=30 (full 4):
 PSYoungGen      total 266240K, used 266224K [0x00000000e0000000, 0x00000000f7180000, 0x0000000100000000)
  eden space 223744K, 100% used [0x00000000e0000000,0x00000000eda80000,0x00000000eda80000)
  from space 42496K, 99% used [0x00000000eda80000,0x00000000f03fc1f8,0x00000000f0400000)
  to   space 60928K, 0% used [0x00000000f3600000,0x00000000f3600000,0x00000000f7180000)
 ParOldGen       total 196608K, used 92562K [0x00000000a0000000, 0x00000000ac000000, 0x00000000e0000000)
  object space 196608K, 47% used [0x00000000a0000000,0x00000000a5a649f0,0x00000000ac000000)
 Metaspace       used 102067K, capacity 107534K, committed 107712K, reserved 1142784K
  class space    used 13190K, capacity 14272K, committed 14296K, reserved 1048576K
Event: 3196.490 GC heap after
Heap after GC invocations=30 (full 4):
 PSYoungGen      total 312832K, used 46264K [0x00000000e0000000, 0x00000000f7600000, 0x0000000100000000)
  eden space 251904K, 0% used [0x00000000e0000000,0x00000000e0000000,0x00000000ef600000)
  from space 60928K, 75% used [0x00000000f3600000,0x00000000f632e018,0x00000000f7180000)
  to   space 65536K, 0% used [0x00000000ef600000,0x00000000ef600000,0x00000000f3600000)
 ParOldGen       total 196608K, used 92570K [0x00000000a0000000, 0x00000000ac000000, 0x00000000e0000000)
  object space 196608K, 47% used [0x00000000a0000000,0x00000000a5a669f0,0x00000000ac000000)
 Metaspace       used 102067K, capacity 107534K, committed 107712K, reserved 1142784K
  class space    used 13190K, capacity 14272K, committed 14296K, reserved 1048576K
}
Event: 3199.525 GC heap before
{Heap before GC invocations=31 (full 4):
 PSYoungGen      total 312832K, used 296779K [0x00000000e0000000, 0x00000000f7600000, 0x0000000100000000)
  eden space 251904K, 99% used [0x00000000e0000000,0x00000000ef4a4fb0,0x00000000ef600000)
  from space 60928K, 75% used [0x00000000f3600000,0x00000000f632e018,0x00000000f7180000)
  to   space 65536K, 0% used [0x00000000ef600000,0x00000000ef600000,0x00000000f3600000)
 ParOldGen       total 196608K, used 92570K [0x00000000a0000000, 0x00000000ac000000, 0x00000000e0000000)
  object space 196608K, 47% used [0x00000000a0000000,0x00000000a5a669f0,0x00000000ac000000)
 Metaspace       used 102565K, capacity 108082K, committed 108352K, reserved 1142784K
  class space    used 13229K, capacity 14318K, committed 14424K, reserved 1048576K
Event: 3199.621 GC heap after
Heap after GC invocations=31 (full 4):
 PSYoungGen      total 317440K, used 60390K [0x00000000e0000000, 0x00000000fa780000, 0x0000000100000000)
  eden space 251904K, 0% used [0x00000000e0000000,0x00000000e0000000,0x00000000ef600000)
  from space 65536K, 92% used [0x00000000ef600000,0x00000000f30f98b8,0x00000000f3600000)
  to   space 73728K, 0% used [0x00000000f5f80000,0x00000000f5f80000,0x00000000fa780000)
 ParOldGen       total 196608K, used 92578K [0x00000000a0000000, 0x00000000ac000000, 0x00000000e0000000)
  object space 196608K, 47% used [0x00000000a0000000,0x00000000a5a689f0,0x00000000ac000000)
 Metaspace       used 102565K, capacity 108082K, committed 108352K, reserved 1142784K
  class space    used 13229K, capacity 14318K, committed 14424K, reserved 1048576K
}

Deoptimization events (10 events):
Event: 3196.874 Thread 0x000000001fd3b800 Uncommon trap: reason=class_check action=maybe_recompile pc=0x0000000004931488 method=org.objectweb.asm.SymbolTable.addConstant(Ljava/lang/Object;)Lorg/objectweb/asm/Symbol; @ 1
Event: 3196.908 Thread 0x000000001fd37800 Uncommon trap: reason=unloaded action=reinterpret pc=0x0000000005389b94 method=org.objectweb.asm.ClassReader.readConst(I[C)Ljava/lang/Object; @ 123
Event: 3196.944 Thread 0x000000001fd3b800 Uncommon trap: reason=class_check action=maybe_recompile pc=0x0000000005746c48 method=org.objectweb.asm.SymbolTable.addConstant(Ljava/lang/Object;)Lorg/objectweb/asm/Symbol; @ 161
Event: 3196.944 Thread 0x000000001fd3b800 Uncommon trap: reason=class_check action=maybe_recompile pc=0x0000000005746c48 method=org.objectweb.asm.SymbolTable.addConstant(Ljava/lang/Object;)Lorg/objectweb/asm/Symbol; @ 161
Event: 3197.033 Thread 0x000000001fd3b800 Uncommon trap: reason=unstable_if action=reinterpret pc=0x0000000006a104d8 method=org.objectweb.asm.ClassWriter.toByteArray()[B @ 318
Event: 3197.165 Thread 0x000000001fd37800 Uncommon trap: reason=unstable_if action=reinterpret pc=0x0000000005913fdc method=org.gradle.api.internal.changedetection.state.GlobalScopeFileTimeStampInspector.timestampCanBeUsedToDetectFileChange(Ljava/lang/String;J)Z @ 37
Event: 3197.554 Thread 0x000000001fd37800 Uncommon trap: reason=bimorphic action=maybe_recompile pc=0x000000000593f6ac method=java.io.BufferedOutputStream.flushBuffer()V @ 20
Event: 3197.570 Thread 0x000000001fd3b800 Uncommon trap: reason=unstable_if action=reinterpret pc=0x0000000004fecc78 method=org.gradle.api.internal.changedetection.state.GlobalScopeFileTimeStampInspector.timestampCanBeUsedToDetectFileChange(Ljava/lang/String;J)Z @ 37
Event: 3198.076 Thread 0x000000001fd37800 Uncommon trap: reason=bimorphic action=maybe_recompile pc=0x000000000593f6ac method=java.io.BufferedOutputStream.flushBuffer()V @ 20
Event: 3199.881 Thread 0x000000001a533800 Uncommon trap: reason=unstable_if action=reinterpret pc=0x0000000006a034b8 method=org.gradle.internal.operations.logging.LoggingBuildOperationProgressBroadcaster.onOutput(Lorg/gradle/internal/logging/events/OutputEvent;)V @ 18

Classes redefined (0 events):
No events

Internal exceptions (10 events):
Event: 3195.331 Thread 0x000000001fd06000 Exception <a 'java/lang/ClassNotFoundException': build_5ht5j272fp4zpj1aleqod7fym$_run_closure1Customizer> (0x00000000ec1de380) thrown at [D:\src\AOSP-openjdk-cygwin\jdk8u\hotspot\src\share\vm\classfile\systemDictionary.cpp, line 210]
Event: 3196.918 Thread 0x000000001fd37800 Exception <a 'sun/nio/fs/WindowsException'> (0x00000000e2757a88) thrown at [D:\src\AOSP-openjdk-cygwin\jdk8u\hotspot\src\share\vm\prims\jni.cpp, line 710]
Event: 3197.498 Thread 0x000000001fd3b800 Exception <a 'sun/nio/fs/WindowsException'> (0x00000000e64da560) thrown at [D:\src\AOSP-openjdk-cygwin\jdk8u\hotspot\src\share\vm\prims\jni.cpp, line 710]
Event: 3197.512 Thread 0x000000001fd37800 Exception <a 'sun/nio/fs/WindowsException'> (0x00000000e64f28f0) thrown at [D:\src\AOSP-openjdk-cygwin\jdk8u\hotspot\src\share\vm\prims\jni.cpp, line 710]
Event: 3197.709 Thread 0x000000001fd37800 Exception <a 'sun/nio/fs/WindowsException'> (0x00000000e662b018) thrown at [D:\src\AOSP-openjdk-cygwin\jdk8u\hotspot\src\share\vm\prims\jni.cpp, line 710]
Event: 3198.082 Thread 0x000000001fd06000 Exception <a 'sun/nio/fs/WindowsException'> (0x00000000e7685928) thrown at [D:\src\AOSP-openjdk-cygwin\jdk8u\hotspot\src\share\vm\prims\jni.cpp, line 710]
Event: 3198.257 Thread 0x000000001fd3f000 Exception <a 'sun/nio/fs/WindowsException'> (0x00000000e8151de0) thrown at [D:\src\AOSP-openjdk-cygwin\jdk8u\hotspot\src\share\vm\prims\jni.cpp, line 710]
Event: 3199.878 Thread 0x000000001fd45000 Exception <a 'java/io/IOException'> (0x00000000e0a43628) thrown at [D:\src\AOSP-openjdk-cygwin\jdk8u\hotspot\src\share\vm\prims\jni.cpp, line 710]
Event: 3199.881 Thread 0x000000001fd3f000 Exception <a 'java/io/IOException'> (0x00000000e083c370) thrown at [D:\src\AOSP-openjdk-cygwin\jdk8u\hotspot\src\share\vm\prims\jni.cpp, line 710]
Event: 3199.889 Thread 0x000000001fd45000 Exception <a 'java/io/IOException': CreateProcess error=1455, O arquivo de paginação é muito pequeno para que esta operação seja concluída> (0x00000000e14ab9f8) thrown at [D:\src\AOSP-openjdk-cygwin\jdk8u\hotspot\src\share\vm\prims\jni.cpp, line 736

Events (10 events):
Event: 3199.877 Executing VM operation: RevokeBias
Event: 3199.877 Executing VM operation: RevokeBias done
Event: 3199.877 Thread 0x000000001a52c000 Thread exited: 0x000000001a52c000
Event: 3199.880 Executing VM operation: RevokeBias
Event: 3199.880 Executing VM operation: RevokeBias done
Event: 3199.880 Thread 0x000000001a530800 Thread exited: 0x000000001a530800
Event: 3199.880 Thread 0x000000001fd46000 Thread exited: 0x000000001fd46000
Event: 3199.881 Thread 0x000000001a533800 Uncommon trap: trap_request=0xffffff65 fr.pc=0x0000000006a034b8
Event: 3199.881 Thread 0x000000001a533800 DEOPT PACKING pc=0x0000000006a034b8 sp=0x000000002b1ff170
Event: 3199.881 Thread 0x000000001a533800 DEOPT UNPACKING pc=0x000000000308557b sp=0x000000002b1ff060 mode 2


Dynamic libraries:
0x00007ff6ce7d0000 - 0x00007ff6ce801000 	C:\Program Files\Android\Android Studio\jre\bin\java.exe
0x00007ffdf3520000 - 0x00007ffdf3710000 	C:\WINDOWS\SYSTEM32\ntdll.dll
0x00007ffdf3360000 - 0x00007ffdf3412000 	C:\WINDOWS\System32\KERNEL32.DLL
0x00007ffdf0440000 - 0x00007ffdf06e4000 	C:\WINDOWS\System32\KERNELBASE.dll
0x00007ffdf2040000 - 0x00007ffdf20e3000 	C:\WINDOWS\System32\ADVAPI32.dll
0x00007ffdf20f0000 - 0x00007ffdf218e000 	C:\WINDOWS\System32\msvcrt.dll
0x00007ffdf1c60000 - 0x00007ffdf1cf7000 	C:\WINDOWS\System32\sechost.dll
0x00007ffdf2190000 - 0x00007ffdf22b0000 	C:\WINDOWS\System32\RPCRT4.dll
0x00007ffdf3110000 - 0x00007ffdf32a4000 	C:\WINDOWS\System32\USER32.dll
0x00007ffdf0be0000 - 0x00007ffdf0c01000 	C:\WINDOWS\System32\win32u.dll
0x00007ffdf0c40000 - 0x00007ffdf0c66000 	C:\WINDOWS\System32\GDI32.dll
0x00007ffdf0910000 - 0x00007ffdf0aa4000 	C:\WINDOWS\System32\gdi32full.dll
0x00007ffdefb20000 - 0x00007ffdefbbe000 	C:\WINDOWS\System32\msvcp_win.dll
0x00007ffdefbc0000 - 0x00007ffdefcba000 	C:\WINDOWS\System32\ucrtbase.dll
0x00007ffdd5e50000 - 0x00007ffdd60d4000 	C:\WINDOWS\WinSxS\amd64_microsoft.windows.common-controls_6595b64144ccf1df_6.0.18362.836_none_e6c4b943130f18ed\COMCTL32.dll
0x00007ffdf1d00000 - 0x00007ffdf2036000 	C:\WINDOWS\System32\combase.dll
0x00007ffdf0b60000 - 0x00007ffdf0be0000 	C:\WINDOWS\System32\bcryptPrimitives.dll
0x00007ffdf2f30000 - 0x00007ffdf2f5e000 	C:\WINDOWS\System32\IMM32.DLL
0x0000000075d50000 - 0x0000000075e22000 	C:\Program Files\Android\Android Studio\jre\jre\bin\msvcr100.dll
0x0000000075020000 - 0x0000000075866000 	C:\Program Files\Android\Android Studio\jre\jre\bin\server\jvm.dll
0x00007ffdf22b0000 - 0x00007ffdf22b8000 	C:\WINDOWS\System32\PSAPI.DLL
0x00007ffde0e30000 - 0x00007ffde0e39000 	C:\WINDOWS\SYSTEM32\WSOCK32.dll
0x00007ffded560000 - 0x00007ffded584000 	C:\WINDOWS\SYSTEM32\WINMM.dll
0x00007ffdf16e0000 - 0x00007ffdf174f000 	C:\WINDOWS\System32\WS2_32.dll
0x00007ffde2de0000 - 0x00007ffde2dea000 	C:\WINDOWS\SYSTEM32\VERSION.dll
0x00007ffded530000 - 0x00007ffded55d000 	C:\WINDOWS\SYSTEM32\WINMMBASE.dll
0x00007ffdf0b10000 - 0x00007ffdf0b5a000 	C:\WINDOWS\System32\cfgmgr32.dll
0x00007ffdeda90000 - 0x00007ffdeda9f000 	C:\Program Files\Android\Android Studio\jre\jre\bin\verify.dll
0x00007ffde8dd0000 - 0x00007ffde8df9000 	C:\Program Files\Android\Android Studio\jre\jre\bin\java.dll
0x00007ffdec020000 - 0x00007ffdec036000 	C:\Program Files\Android\Android Studio\jre\jre\bin\zip.dll
0x00007ffdf0ff0000 - 0x00007ffdf16d4000 	C:\WINDOWS\System32\SHELL32.dll
0x00007ffdf3430000 - 0x00007ffdf34d9000 	C:\WINDOWS\System32\shcore.dll
0x00007ffdefcc0000 - 0x00007ffdf043e000 	C:\WINDOWS\System32\windows.storage.dll
0x00007ffdefad0000 - 0x00007ffdefaf3000 	C:\WINDOWS\System32\profapi.dll
0x00007ffdefa60000 - 0x00007ffdefaaa000 	C:\WINDOWS\System32\powrprof.dll
0x00007ffdefa50000 - 0x00007ffdefa60000 	C:\WINDOWS\System32\UMPDC.dll
0x00007ffdf1940000 - 0x00007ffdf1992000 	C:\WINDOWS\System32\shlwapi.dll
0x00007ffdefb00000 - 0x00007ffdefb11000 	C:\WINDOWS\System32\kernel.appcore.dll
0x00007ffdf06f0000 - 0x00007ffdf0707000 	C:\WINDOWS\System32\cryptsp.dll
0x00007ffdea800000 - 0x00007ffdea81a000 	C:\Program Files\Android\Android Studio\jre\jre\bin\net.dll
0x00007ffdf1750000 - 0x00007ffdf1926000 	C:\WINDOWS\System32\urlmon.dll
0x00007ffdf0ce0000 - 0x00007ffdf0f86000 	C:\WINDOWS\System32\iertutil.dll
0x00007ffdef430000 - 0x00007ffdef43c000 	C:\WINDOWS\SYSTEM32\CRYPTBASE.DLL
0x00007ffdef260000 - 0x00007ffdef2c7000 	C:\WINDOWS\system32\mswsock.dll
0x00007ffde9b90000 - 0x00007ffde9ba3000 	C:\Program Files\Android\Android Studio\jre\jre\bin\nio.dll
0x00007ffde4d10000 - 0x00007ffde4d36000 	C:\Users\Diego\.gradle\native\30\windows-amd64\native-platform.dll
0x00007ffdeda80000 - 0x00007ffdeda8d000 	C:\Program Files\Android\Android Studio\jre\jre\bin\management.dll
0x00007ffdeedd0000 - 0x00007ffdeee03000 	C:\WINDOWS\system32\rsaenh.dll
0x00007ffdf0c10000 - 0x00007ffdf0c36000 	C:\WINDOWS\System32\bcrypt.dll
0x00007ffdef940000 - 0x00007ffdef965000 	C:\WINDOWS\SYSTEM32\USERENV.dll
0x00007ffdeef70000 - 0x00007ffdeefaa000 	C:\WINDOWS\SYSTEM32\IPHLPAPI.DLL
0x00007ffdf3420000 - 0x00007ffdf3428000 	C:\WINDOWS\System32\NSI.dll
0x00007ffde5cf0000 - 0x00007ffde5d06000 	C:\WINDOWS\SYSTEM32\dhcpcsvc6.DLL
0x00007ffde6f70000 - 0x00007ffde6f8c000 	C:\WINDOWS\SYSTEM32\dhcpcsvc.DLL
0x00007ffdeefb0000 - 0x00007ffdef07b000 	C:\WINDOWS\SYSTEM32\DNSAPI.dll
0x00007ffdeeab0000 - 0x00007ffdeeae1000 	C:\WINDOWS\SYSTEM32\ntmarta.dll

VM Arguments:
jvm_args: -Xmx1536m -Dfile.encoding=windows-1252 -Duser.country=BR -Duser.language=pt -Duser.variant 
java_command: org.gradle.launcher.daemon.bootstrap.GradleDaemon 5.6.4
java_class_path (initial): C:\Users\Diego\.gradle\wrapper\dists\gradle-5.6.4-all\ankdp27end7byghfw1q2sw75f\gradle-5.6.4\lib\gradle-launcher-5.6.4.jar
Launcher Type: SUN_STANDARD

Environment Variables:
PATH=C:\appwin\oracle11\product\11.2.0\client_1\bin;C:\Program Files (x86)\AMD APP\bin\x86_64;C:\Program Files (x86)\AMD APP\bin\x86;C:\Program Files (x86)\Common Files\Oracle\Java\javapath;C:\Program Files (x86)\Common Files\Intel\Shared Files\cpp\bin\Intel64;C:\Program Files\Common Files\Microsoft Shared\Windows Live;C:\Program Files (x86)\Common Files\Microsoft Shared\Windows Live;C:\WINDOWS\system32;C:\WINDOWS;C:\WINDOWS\System32\Wbem;C:\WINDOWS\System32\WindowsPowerShell\v1.0\;C:\Program Files (x86)\ATI Technologies\ATI.ACE\Core-Static;C:\Program Files (x86)\Windows Live\Shared;C:\Program Files (x86)\AMD\ATI.ACE\Core-Static;C:\Program Files (x86)\Brackets\command;C:\Program Files\nodejs\;C:\WINDOWS\System32\OpenSSH\;C:\Program Files\Git\cmd;C:\Program Files (x86)\Tesseract-OCR;C:\Users\Diego\AppData\Local\atom\bin;C:\Users\Diego\AppData\Local\GitHubDesktop\bin;C:\Users\Diego\AppData\Roaming\npm;%USERPROFILE%\AppData\Local\Microsoft\WindowsApps;
USERNAME=Diego
OS=Windows_NT
PROCESSOR_IDENTIFIER=Intel64 Family 6 Model 42 Stepping 7, GenuineIntel



---------------  S Y S T E M  ---------------

OS: Windows 10.0 , 64 bit Build 18362 (10.0.18362.778)

CPU:total 4 (initial active 4) (2 cores per cpu, 2 threads per core) family 6 model 42 stepping 7, cmov, cx8, fxsr, mmx, sse, sse2, sse3, ssse3, sse4.1, sse4.2, popcnt, avx, aes, clmul, ht, tsc, tscinvbit

Memory: 4k page, physical 8280232k(1105960k free), swap 8280232k(4304k free)

vm_info: OpenJDK 64-Bit Server VM (25.212-b04) for windows-amd64 JRE (1.8.0_212-release-1586-b04), built by "builder" with MS VC++ 10.0 (VS2010)

time: Thu Jun 11 20:07:06 2020
timezone: Hora oficial do Brasil
elapsed time: 3199 seconds (0d 0h 53m 19s)

