#
# There is insufficient memory for the Java Runtime Environment to continue.
# Native memory allocation (malloc) failed to allocate 1557456 bytes for Chunk::new
# Possible reasons:
#   The system is out of physical RAM or swap space
#   The process is running with CompressedOops enabled, and the Java Heap may be blocking the growth of the native heap
# Possible solutions:
#   Reduce memory load on the system
#   Increase physical memory or swap space
#   Check if swap backing store is full
#   Decrease Java heap size (-Xmx/-Xms)
#   Decrease number of Java threads
#   Decrease Java thread stack sizes (-Xss)
#   Set larger code cache with -XX:ReservedCodeCacheSize=
#   JVM is running with Unscaled Compressed Oops mode in which the Java heap is
#     placed in the first 4GB address space. The Java Heap base address is the
#     maximum limit for the native heap growth. Please use -XX:HeapBaseMinAddress
#     to set the Java Heap base and to place the Java Heap above 4GB virtual address.
# This output file may be truncated or incomplete.
#
#  Out of Memory Error (allocation.cpp:389), pid=884, tid=0x0000000000001064
#
# JRE version: OpenJDK Runtime Environment (8.0_212-b04) (build 1.8.0_212-release-1586-b04)
# Java VM: OpenJDK 64-Bit Server VM (25.212-b04 mixed mode windows-amd64 compressed oops)
# Failed to write core dump. Minidumps are not enabled by default on client versions of Windows
#

---------------  T H R E A D  ---------------

Current thread (0x0000000016004000):  JavaThread "C2 CompilerThread1" daemon [_thread_in_native, id=4196, stack(0x0000000017770000,0x0000000017870000)]

Stack: [0x0000000017770000,0x0000000017870000]
[error occurred during error reporting (printing stack bounds), id 0xc0000005]

Native frames: (J=compiled Java code, j=interpreted, Vv=VM code, C=native code)


Current CompileTask:
C2:1307682 20487       4       com.android.utils.XmlUtils::append (639 bytes)


---------------  P R O C E S S  ---------------

Java Threads: ( => current thread )
  0x000000001df41000 JavaThread "stdout" [_thread_in_native, id=7780, stack(0x0000000029c60000,0x0000000029d60000)]
  0x000000001df39800 JavaThread "stderr" [_thread_in_native, id=9564, stack(0x0000000029b60000,0x0000000029c60000)]
  0x000000001df40800 JavaThread "stdout" [_thread_in_native, id=13340, stack(0x0000000029a60000,0x0000000029b60000)]
  0x000000001df3f800 JavaThread "stderr" [_thread_in_native, id=10052, stack(0x0000000029960000,0x0000000029a60000)]
  0x000000001df32000 JavaThread "stdout" [_thread_in_native, id=12616, stack(0x0000000029860000,0x0000000029960000)]
  0x000000001df36000 JavaThread "stderr" [_thread_in_native, id=11728, stack(0x0000000028740000,0x0000000028840000)]
  0x000000001df39000 JavaThread "stdout" [_thread_in_native, id=7036, stack(0x0000000028640000,0x0000000028740000)]
  0x000000001df34800 JavaThread "stderr" [_thread_in_native, id=14936, stack(0x0000000028540000,0x0000000028640000)]
  0x000000001df33800 JavaThread "pool-8-thread-1" [_thread_blocked, id=10360, stack(0x0000000027dd0000,0x0000000027ed0000)]
  0x000000001df35000 JavaThread "WorkerExecutor Queue Thread 4" [_thread_blocked, id=8904, stack(0x0000000026700000,0x0000000026800000)]
  0x000000001df33000 JavaThread "WorkerExecutor Queue Thread 3" [_thread_blocked, id=10848, stack(0x0000000025430000,0x0000000025530000)]
  0x000000001df37800 JavaThread "WorkerExecutor Queue Thread 2" [_thread_blocked, id=14044, stack(0x0000000025330000,0x0000000025430000)]
  0x000000001df38000 JavaThread "WorkerExecutor Queue" [_thread_blocked, id=2092, stack(0x0000000023fc0000,0x00000000240c0000)]
  0x000000001a63f800 JavaThread "Cache worker for execution history cache (D:\Android_Projects\AutomaHouse\.gradle\5.6.4\executionHistory)" [_thread_blocked, id=3460, stack(0x00000000238c0000,0x00000000239c0000)]
  0x000000001a643800 JavaThread "Execution worker for ':' Thread 3" [_thread_blocked, id=1128, stack(0x0000000023340000,0x0000000023440000)]
  0x000000001a645800 JavaThread "Execution worker for ':' Thread 2" [_thread_blocked, id=11544, stack(0x0000000022b80000,0x0000000022c80000)]
  0x000000001a63e000 JavaThread "Execution worker for ':'" [_thread_blocked, id=9968, stack(0x0000000022a80000,0x0000000022b80000)]
  0x000000001a636800 JavaThread "Cache worker for file content cache (D:\Android_Projects\AutomaHouse\.gradle\5.6.4\fileContent)" [_thread_blocked, id=11280, stack(0x0000000021f80000,0x0000000022080000)]
  0x0000000025a20000 JavaThread "Cache worker for Build Output Cleanup Cache (D:\Android_Projects\AutomaHouse\.gradle\buildOutputCleanup)" [_thread_blocked, id=10344, stack(0x00000000209f0000,0x0000000020af0000)]
  0x0000000025a21800 JavaThread "pool-7-thread-1" [_thread_blocked, id=1236, stack(0x00000000204f0000,0x00000000205f0000)]
  0x0000000025a20800 JavaThread "Build operations Thread 4" [_thread_blocked, id=8840, stack(0x00000000203f0000,0x00000000204f0000)]
  0x0000000025a1e800 JavaThread "Build operations Thread 3" [_thread_blocked, id=9208, stack(0x00000000202f0000,0x00000000203f0000)]
  0x0000000025a16000 JavaThread "Build operations Thread 2" [_thread_blocked, id=12220, stack(0x00000000201f0000,0x00000000202f0000)]
  0x0000000025a1d000 JavaThread "Build operations" [_thread_blocked, id=7188, stack(0x000000001fff0000,0x00000000200f0000)]
  0x0000000025a14800 JavaThread "Cache worker for cache directory md-rule (C:\Users\Diego\.gradle\caches\5.6.4\md-rule)" [_thread_blocked, id=2376, stack(0x000000001f8d0000,0x000000001f9d0000)]
  0x0000000025a1b800 JavaThread "Cache worker for cache directory md-supplier (C:\Users\Diego\.gradle\caches\5.6.4\md-supplier)" [_thread_blocked, id=12668, stack(0x000000001e550000,0x000000001e650000)]
  0x0000000025a14000 JavaThread "Cache worker for file hash cache (D:\Android_Projects\AutomaHouse\.gradle\5.6.4\fileHashes)" [_thread_blocked, id=676, stack(0x000000001b8b0000,0x000000001b9b0000)]
  0x0000000025a13000 JavaThread "Thread-97" [_thread_blocked, id=13492, stack(0x000000001b7b0000,0x000000001b8b0000)]
  0x0000000025a12800 JavaThread "Stdin handler" [_thread_blocked, id=9700, stack(0x000000001b6b0000,0x000000001b7b0000)]
  0x0000000025a18800 JavaThread "Asynchronous log dispatcher for DefaultDaemonConnection: socket connection from /127.0.0.1:54021 to /127.0.0.1:54248" [_thread_blocked, id=8892, stack(0x000000001b5b0000,0x000000001b6b0000)]
  0x0000000025a17000 JavaThread "Cancel handler" [_thread_blocked, id=10044, stack(0x000000001b1b0000,0x000000001b2b0000)]
  0x0000000018a57800 JavaThread "Handler for socket connection from /127.0.0.1:54021 to /127.0.0.1:54248" [_thread_in_native, id=13620, stack(0x000000001b0b0000,0x000000001b1b0000)]
  0x000000001a637800 JavaThread "Daemon worker Thread 3" [_thread_blocked, id=3564, stack(0x000000001b4b0000,0x000000001b5b0000)]
  0x000000001a63a800 JavaThread "Daemon Thread 3" [_thread_blocked, id=7928, stack(0x0000000000a80000,0x0000000000b80000)]
  0x000000001a639000 JavaThread "Cache worker for file content cache (C:\Users\Diego\.gradle\caches\5.6.4\fileContent)" [_thread_blocked, id=14104, stack(0x0000000022980000,0x0000000022a80000)]
  0x000000001a638000 JavaThread "Memory manager" [_thread_blocked, id=10672, stack(0x0000000022880000,0x0000000022980000)]
  0x000000001a63d800 JavaThread "Cache worker for execution history cache (C:\Users\Diego\.gradle\caches\5.6.4\executionHistory)" [_thread_blocked, id=12824, stack(0x00000000200f0000,0x00000000201f0000)]
  0x0000000018a53000 JavaThread "Cache worker for journal cache (C:\Users\Diego\.gradle\caches\journal-1)" [_thread_blocked, id=1660, stack(0x000000001bdb0000,0x000000001beb0000)]
  0x0000000018a52800 JavaThread "File lock request listener" [_thread_in_native, id=8188, stack(0x000000001bcb0000,0x000000001bdb0000)]
  0x0000000018a59000 JavaThread "Cache worker for file hash cache (C:\Users\Diego\.gradle\caches\5.6.4\fileHashes)" [_thread_blocked, id=9036, stack(0x000000001bbb0000,0x000000001bcb0000)]
  0x0000000019aa7800 JavaThread "Daemon periodic checks" [_thread_blocked, id=1764, stack(0x000000001afb0000,0x000000001b0b0000)]
  0x0000000019a98000 JavaThread "Incoming local TCP Connector on port 54021" [_thread_in_native, id=5708, stack(0x000000001ad50000,0x000000001ae50000)]
  0x0000000017fde000 JavaThread "Daemon health stats" [_thread_blocked, id=14184, stack(0x000000001a710000,0x000000001a810000)]
  0x00000000179a0800 JavaThread "Service Thread" daemon [_thread_blocked, id=14416, stack(0x0000000017d70000,0x0000000017e70000)]
  0x000000001600a800 JavaThread "C1 CompilerThread2" daemon [_thread_blocked, id=9960, stack(0x0000000017870000,0x0000000017970000)]
=>0x0000000016004000 JavaThread "C2 CompilerThread1" daemon [_thread_in_native, id=4196, stack(0x0000000017770000,0x0000000017870000)]
  0x0000000015ffd800 JavaThread "C2 CompilerThread0" daemon [_thread_in_native, id=1524, stack(0x0000000017670000,0x0000000017770000)]
  0x0000000015ffc000 JavaThread "Attach Listener" daemon [_thread_blocked, id=14696, stack(0x0000000017570000,0x0000000017670000)]
  0x0000000015ffb000 JavaThread "Signal Dispatcher" daemon [_thread_blocked, id=5428, stack(0x0000000017470000,0x0000000017570000)]
  0x000000000268d000 JavaThread "Finalizer" daemon [_thread_blocked, id=10648, stack(0x0000000017260000,0x0000000017360000)]
  0x0000000015fe9000 JavaThread "Reference Handler" daemon [_thread_blocked, id=9404, stack(0x0000000017160000,0x0000000017260000)]
  0x0000000002592800 JavaThread "main" [_thread_blocked, id=13520, stack(0x0000000002490000,0x0000000002590000)]

Other Threads:
  0x0000000015fc8800 VMThread [stack: 0x0000000017060000,0x0000000017160000] [id=1156]
  0x000000001603e800 WatcherThread [stack: 0x0000000017e70000,0x0000000017f70000] [id=104]

VM state:not at safepoint (normal execution)

VM Mutex/Monitor currently owned by a thread: None

OutOfMemory and StackOverflow Exception counts:
OutOfMemoryError java_heap_errors=1

heap address: 0x00000000a0000000, size: 1536 MB, Compressed Oops mode: 32-bit
Narrow klass base: 0x0000000000000000, Narrow klass shift: 3
Compressed class space size: 1073741824 Address: 0x0000000100000000

Heap:
 PSYoungGen      total 448000K, used 51575K [0x00000000e0000000, 0x0000000100000000, 0x0000000100000000)
  eden space 371712K, 7% used [0x00000000e0000000,0x00000000e197dce0,0x00000000f6b00000)
  from space 76288K, 33% used [0x00000000f6b00000,0x00000000f83dfff8,0x00000000fb580000)
  to   space 72704K, 0% used [0x00000000fb900000,0x00000000fb900000,0x0000000100000000)
 ParOldGen       total 227840K, used 65181K [0x00000000a0000000, 0x00000000ade80000, 0x00000000e0000000)
  object space 227840K, 28% used [0x00000000a0000000,0x00000000a3fa7778,0x00000000ade80000)
 Metaspace       used 88660K, capacity 92900K, committed 93184K, reserved 1130496K
  class space    used 11531K, capacity 12368K, committed 12544K, reserved 1048576K

Card table byte_map: [0x0000000011a50000,0x0000000011d60000] byte_map_base: 0x0000000011550000

Marking Bits: (ParMarkBitMap*) 0x0000000057b39f30
 Begin Bits: [0x0000000012360000, 0x0000000013b60000)
 End Bits:   [0x0000000013b60000, 0x0000000015360000)

Polling page: 0x0000000000690000

CodeCache: size=245760Kb used=58237Kb max_used=58237Kb free=187522Kb
 bounds [0x0000000002690000, 0x0000000005fb0000, 0x0000000011690000]
 total_blobs=17114 nmethods=16209 adapters=814
 compilation: enabled

Compilation events (10 events):
Event: 1307.508 Thread 0x000000001600a800 20552       1       javax.management.StandardMBean::getCachedMBeanInfo (5 bytes)
Event: 1307.508 Thread 0x000000001600a800 nmethod 20552 0x0000000005face10 code [0x0000000005facf60, 0x0000000005fad070]
Event: 1307.519 Thread 0x000000001600a800 20553       2       org.gradle.execution.plan.DefaultExecutionPlan::access$900 (10 bytes)
Event: 1307.519 Thread 0x000000001600a800 nmethod 20553 0x0000000005fad0d0 code [0x0000000005fad240, 0x0000000005fad388]
Event: 1307.547 Thread 0x000000001600a800 20554 %     3       java.security.AccessControlContext::combine @ 104 (205 bytes)
Event: 1307.548 Thread 0x000000001600a800 nmethod 20554% 0x0000000005fad450 code [0x0000000005fad640, 0x0000000005fae318]
Event: 1307.548 Thread 0x000000001600a800 20555       2       sun.security.action.GetPropertyAction::run (5 bytes)
Event: 1307.549 Thread 0x000000001600a800 nmethod 20555 0x0000000005fae810 code [0x0000000005fae9c0, 0x0000000005faecd8]
Event: 1307.549 Thread 0x000000001600a800 20556       2       sun.security.action.GetPropertyAction::run (21 bytes)
Event: 1307.550 Thread 0x000000001600a800 nmethod 20556 0x0000000005faf010 code [0x0000000005faf1c0, 0x0000000005faf4d8]

GC Heap History (10 events):
Event: 113.285 GC heap before
{Heap before GC invocations=35 (full 3):
 PSYoungGen      total 417280K, used 406833K [0x00000000e0000000, 0x00000000fc200000, 0x0000000100000000)
  eden space 384512K, 100% used [0x00000000e0000000,0x00000000f7780000,0x00000000f7780000)
  from space 32768K, 68% used [0x00000000f7780000,0x00000000f8d4c410,0x00000000f9780000)
  to   space 29696K, 0% used [0x00000000f9780000,0x00000000f9780000,0x00000000fb480000)
 ParOldGen       total 142848K, used 66241K [0x00000000a0000000, 0x00000000a8b80000, 0x00000000e0000000)
  object space 142848K, 46% used [0x00000000a0000000,0x00000000a40b05d8,0x00000000a8b80000)
 Metaspace       used 79232K, capacity 82990K, committed 83072K, reserved 1120256K
  class space    used 10622K, capacity 11377K, committed 11392K, reserved 1048576K
Event: 113.411 GC heap after
Heap after GC invocations=35 (full 3):
 PSYoungGen      total 414208K, used 29691K [0x00000000e0000000, 0x00000000fc200000, 0x0000000100000000)
  eden space 384512K, 0% used [0x00000000e0000000,0x00000000e0000000,0x00000000f7780000)
  from space 29696K, 99% used [0x00000000f9780000,0x00000000fb47efc8,0x00000000fb480000)
  to   space 32768K, 0% used [0x00000000f7780000,0x00000000f7780000,0x00000000f9780000)
 ParOldGen       total 142848K, used 84260K [0x00000000a0000000, 0x00000000a8b80000, 0x00000000e0000000)
  object space 142848K, 58% used [0x00000000a0000000,0x00000000a5249070,0x00000000a8b80000)
 Metaspace       used 79232K, capacity 82990K, committed 83072K, reserved 1120256K
  class space    used 10622K, capacity 11377K, committed 11392K, reserved 1048576K
}
Event: 215.034 GC heap before
{Heap before GC invocations=36 (full 3):
 PSYoungGen      total 414208K, used 414203K [0x00000000e0000000, 0x00000000fc200000, 0x0000000100000000)
  eden space 384512K, 100% used [0x00000000e0000000,0x00000000f7780000,0x00000000f7780000)
  from space 29696K, 99% used [0x00000000f9780000,0x00000000fb47efc8,0x00000000fb480000)
  to   space 32768K, 0% used [0x00000000f7780000,0x00000000f7780000,0x00000000f9780000)
 ParOldGen       total 142848K, used 84260K [0x00000000a0000000, 0x00000000a8b80000, 0x00000000e0000000)
  object space 142848K, 58% used [0x00000000a0000000,0x00000000a5249070,0x00000000a8b80000)
 Metaspace       used 83565K, capacity 87558K, committed 87808K, reserved 1126400K
  class space    used 10929K, capacity 11727K, committed 11776K, reserved 1048576K
Event: 215.226 GC heap after
Heap after GC invocations=36 (full 3):
 PSYoungGen      total 417280K, used 32744K [0x00000000e0000000, 0x0000000100000000, 0x0000000100000000)
  eden space 384512K, 0% used [0x00000000e0000000,0x00000000e0000000,0x00000000f7780000)
  from space 32768K, 99% used [0x00000000f7780000,0x00000000f977a048,0x00000000f9780000)
  to   space 56320K, 0% used [0x00000000fc900000,0x00000000fc900000,0x0000000100000000)
 ParOldGen       total 142848K, used 102010K [0x00000000a0000000, 0x00000000a8b80000, 0x00000000e0000000)
  object space 142848K, 71% used [0x00000000a0000000,0x00000000a639ead8,0x00000000a8b80000)
 Metaspace       used 83565K, capacity 87558K, committed 87808K, reserved 1126400K
  class space    used 10929K, capacity 11727K, committed 11776K, reserved 1048576K
}
Event: 241.666 GC heap before
{Heap before GC invocations=37 (full 3):
 PSYoungGen      total 417280K, used 417256K [0x00000000e0000000, 0x0000000100000000, 0x0000000100000000)
  eden space 384512K, 100% used [0x00000000e0000000,0x00000000f7780000,0x00000000f7780000)
  from space 32768K, 99% used [0x00000000f7780000,0x00000000f977a048,0x00000000f9780000)
  to   space 56320K, 0% used [0x00000000fc900000,0x00000000fc900000,0x0000000100000000)
 ParOldGen       total 142848K, used 102010K [0x00000000a0000000, 0x00000000a8b80000, 0x00000000e0000000)
  object space 142848K, 71% used [0x00000000a0000000,0x00000000a639ead8,0x00000000a8b80000)
 Metaspace       used 86820K, capacity 91194K, committed 91520K, reserved 1128448K
  class space    used 11442K, capacity 12337K, committed 12416K, reserved 1048576K
Event: 241.849 GC heap after
Heap after GC invocations=37 (full 3):
 PSYoungGen      total 428032K, used 56311K [0x00000000e0000000, 0x0000000100000000, 0x0000000100000000)
  eden space 371712K, 0% used [0x00000000e0000000,0x00000000e0000000,0x00000000f6b00000)
  from space 56320K, 99% used [0x00000000fc900000,0x00000000ffffdc78,0x0000000100000000)
  to   space 76288K, 0% used [0x00000000f6b00000,0x00000000f6b00000,0x00000000fb580000)
 ParOldGen       total 142848K, used 132845K [0x00000000a0000000, 0x00000000a8b80000, 0x00000000e0000000)
  object space 142848K, 92% used [0x00000000a0000000,0x00000000a81bb648,0x00000000a8b80000)
 Metaspace       used 86820K, capacity 91194K, committed 91520K, reserved 1128448K
  class space    used 11442K, capacity 12337K, committed 12416K, reserved 1048576K
}
Event: 241.849 GC heap before
{Heap before GC invocations=38 (full 4):
 PSYoungGen      total 428032K, used 56311K [0x00000000e0000000, 0x0000000100000000, 0x0000000100000000)
  eden space 371712K, 0% used [0x00000000e0000000,0x00000000e0000000,0x00000000f6b00000)
  from space 56320K, 99% used [0x00000000fc900000,0x00000000ffffdc78,0x0000000100000000)
  to   space 76288K, 0% used [0x00000000f6b00000,0x00000000f6b00000,0x00000000fb580000)
 ParOldGen       total 142848K, used 132845K [0x00000000a0000000, 0x00000000a8b80000, 0x00000000e0000000)
  object space 142848K, 92% used [0x00000000a0000000,0x00000000a81bb648,0x00000000a8b80000)
 Metaspace       used 86820K, capacity 91194K, committed 91520K, reserved 1128448K
  class space    used 11442K, capacity 12337K, committed 12416K, reserved 1048576K
Event: 242.142 GC heap after
Heap after GC invocations=38 (full 4):
 PSYoungGen      total 428032K, used 0K [0x00000000e0000000, 0x0000000100000000, 0x0000000100000000)
  eden space 371712K, 0% used [0x00000000e0000000,0x00000000e0000000,0x00000000f6b00000)
  from space 56320K, 0% used [0x00000000fc900000,0x00000000fc900000,0x0000000100000000)
  to   space 76288K, 0% used [0x00000000f6b00000,0x00000000f6b00000,0x00000000fb580000)
 ParOldGen       total 227840K, used 65173K [0x00000000a0000000, 0x00000000ade80000, 0x00000000e0000000)
  object space 227840K, 28% used [0x00000000a0000000,0x00000000a3fa5778,0x00000000ade80000)
 Metaspace       used 86556K, capacity 90502K, committed 91520K, reserved 1128448K
  class space    used 11350K, capacity 12175K, committed 12416K, reserved 1048576K
}
Event: 1307.161 GC heap before
{Heap before GC invocations=39 (full 4):
 PSYoungGen      total 428032K, used 371362K [0x00000000e0000000, 0x0000000100000000, 0x0000000100000000)
  eden space 371712K, 99% used [0x00000000e0000000,0x00000000f6aa8a18,0x00000000f6b00000)
  from space 56320K, 0% used [0x00000000fc900000,0x00000000fc900000,0x0000000100000000)
  to   space 76288K, 0% used [0x00000000f6b00000,0x00000000f6b00000,0x00000000fb580000)
 ParOldGen       total 227840K, used 65173K [0x00000000a0000000, 0x00000000ade80000, 0x00000000e0000000)
  object space 227840K, 28% used [0x00000000a0000000,0x00000000a3fa5778,0x00000000ade80000)
 Metaspace       used 88523K, capacity 92734K, committed 93184K, reserved 1130496K
  class space    used 11514K, capacity 12351K, committed 12544K, reserved 1048576K
Event: 1307.206 GC heap after
Heap after GC invocations=39 (full 4):
 PSYoungGen      total 448000K, used 25471K [0x00000000e0000000, 0x0000000100000000, 0x0000000100000000)
  eden space 371712K, 0% used [0x00000000e0000000,0x00000000e0000000,0x00000000f6b00000)
  from space 76288K, 33% used [0x00000000f6b00000,0x00000000f83dfff8,0x00000000fb580000)
  to   space 72704K, 0% used [0x00000000fb900000,0x00000000fb900000,0x0000000100000000)
 ParOldGen       total 227840K, used 65181K [0x00000000a0000000, 0x00000000ade80000, 0x00000000e0000000)
  object space 227840K, 28% used [0x00000000a0000000,0x00000000a3fa7778,0x00000000ade80000)
 Metaspace       used 88523K, capacity 92734K, committed 93184K, reserved 1130496K
  class space    used 11514K, capacity 12351K, committed 12544K, reserved 1048576K
}

Deoptimization events (10 events):
Event: 1307.050 Thread 0x000000001a643800 Uncommon trap: reason=class_check action=maybe_recompile pc=0x0000000005f0c568 method=com.sun.org.apache.xerces.internal.dom.ElementImpl.getAttributes()Lorg/w3c/dom/NamedNodeMap; @ 8
Event: 1307.050 Thread 0x000000001a643800 Uncommon trap: reason=class_check action=maybe_recompile pc=0x0000000005f0c568 method=com.sun.org.apache.xerces.internal.dom.ElementImpl.getAttributes()Lorg/w3c/dom/NamedNodeMap; @ 8
Event: 1307.051 Thread 0x000000001a643800 Uncommon trap: reason=class_check action=maybe_recompile pc=0x0000000005f0c568 method=com.sun.org.apache.xerces.internal.dom.ElementImpl.getAttributes()Lorg/w3c/dom/NamedNodeMap; @ 8
Event: 1307.051 Thread 0x000000001a643800 Uncommon trap: reason=class_check action=maybe_recompile pc=0x0000000005f0c568 method=com.sun.org.apache.xerces.internal.dom.ElementImpl.getAttributes()Lorg/w3c/dom/NamedNodeMap; @ 8
Event: 1307.125 Thread 0x000000001a643800 Uncommon trap: reason=unstable_if action=reinterpret pc=0x0000000005ed9278 method=com.android.utils.XmlUtils.toXmlAttributeValue(Ljava/lang/String;)Ljava/lang/String; @ 33
Event: 1307.143 Thread 0x000000001a643800 Uncommon trap: reason=unstable_if action=reinterpret pc=0x0000000005f7812c method=com.android.utils.XmlUtils.append(Lcom/android/utils/XmlUtils$PositionAwareStringBuilder;Lorg/w3c/dom/Node;Ljava/util/Map;Ljava/util/Set;)V @ 540
Event: 1307.245 Thread 0x000000001a643800 Uncommon trap: reason=class_check action=maybe_recompile pc=0x0000000003dd0700 method=kotlin.comparisons.ComparisonsKt__ComparisonsKt.compareValues(Ljava/lang/Comparable;Ljava/lang/Comparable;)I @ 21
Event: 1307.245 Thread 0x000000001a643800 Uncommon trap: reason=class_check action=maybe_recompile pc=0x0000000003dd0700 method=kotlin.comparisons.ComparisonsKt__ComparisonsKt.compareValues(Ljava/lang/Comparable;Ljava/lang/Comparable;)I @ 21
Event: 1307.245 Thread 0x000000001a643800 Uncommon trap: reason=class_check action=maybe_recompile pc=0x0000000003dd0700 method=kotlin.comparisons.ComparisonsKt__ComparisonsKt.compareValues(Ljava/lang/Comparable;Ljava/lang/Comparable;)I @ 21
Event: 1307.245 Thread 0x000000001a643800 Uncommon trap: reason=class_check action=maybe_recompile pc=0x0000000003dd0700 method=kotlin.comparisons.ComparisonsKt__ComparisonsKt.compareValues(Ljava/lang/Comparable;Ljava/lang/Comparable;)I @ 21

Classes redefined (0 events):
No events

Internal exceptions (10 events):
Event: 1249.491 Thread 0x000000001a637800 Exception <a 'sun/nio/fs/WindowsException'> (0x00000000e8780410) thrown at [D:\src\AOSP-openjdk-cygwin\jdk8u\hotspot\src\share\vm\prims\jni.cpp, line 710]
Event: 1302.709 Thread 0x000000001a637800 Exception <a 'sun/nio/fs/WindowsException'> (0x00000000eae83b78) thrown at [D:\src\AOSP-openjdk-cygwin\jdk8u\hotspot\src\share\vm\prims\jni.cpp, line 710]
Event: 1305.144 Thread 0x000000001a643800 Implicit null exception at 0x0000000005e1835c to 0x0000000005e188cd
Event: 1305.571 Thread 0x000000001a643800 Implicit null exception at 0x0000000003b403c9 to 0x0000000003b414d9
Event: 1305.580 Thread 0x000000001a643800 Implicit null exception at 0x0000000002cecb43 to 0x0000000002ced12d
Event: 1306.278 Thread 0x000000001a643800 Implicit null exception at 0x0000000005bcf4b0 to 0x0000000005bcfa80
Event: 1306.469 Thread 0x000000001a643800 Implicit null exception at 0x0000000005ebf1d7 to 0x0000000005ebf50d
Event: 1307.143 Thread 0x000000001a643800 Implicit null exception at 0x0000000005f7a7a1 to 0x0000000005f780f9
Event: 1307.361 Thread 0x000000001a643800 Exception <a 'java/lang/NoSuchMethodError': <clinit>> (0x00000000e046a320) thrown at [D:\src\AOSP-openjdk-cygwin\jdk8u\hotspot\src\share\vm\prims\jni.cpp, line 1614]
Event: 1307.363 Thread 0x000000001a643800 Exception <a 'java/lang/NoSuchMethodError': <clinit>> (0x00000000e047f140) thrown at [D:\src\AOSP-openjdk-cygwin\jdk8u\hotspot\src\share\vm\prims\jni.cpp, line 1614]

Events (10 events):
Event: 1307.517 Executing VM operation: RevokeBias
Event: 1307.517 Executing VM operation: RevokeBias done
Event: 1307.536 Thread 0x000000001df34800 Thread added: 0x000000001df34800
Event: 1307.536 Thread 0x000000001df39000 Thread added: 0x000000001df39000
Event: 1307.543 Thread 0x000000001df36000 Thread added: 0x000000001df36000
Event: 1307.543 Thread 0x000000001df32000 Thread added: 0x000000001df32000
Event: 1307.547 Thread 0x000000001df3f800 Thread added: 0x000000001df3f800
Event: 1307.547 Thread 0x000000001df40800 Thread added: 0x000000001df40800
Event: 1307.552 Thread 0x000000001df39800 Thread added: 0x000000001df39800
Event: 1307.552 Thread 0x000000001df41000 Thread added: 0x000000001df41000


Dynamic libraries:
0x00007ff7711a0000 - 0x00007ff7711d1000 	C:\Program Files\Android\Android Studio\jre\bin\java.exe
0x00007ff9a93c0000 - 0x00007ff9a95b0000 	C:\WINDOWS\SYSTEM32\ntdll.dll
0x00007ff9a76a0000 - 0x00007ff9a7752000 	C:\WINDOWS\System32\KERNEL32.DLL
0x00007ff9a61e0000 - 0x00007ff9a6484000 	C:\WINDOWS\System32\KERNELBASE.dll
0x00007ff9a8100000 - 0x00007ff9a81a3000 	C:\WINDOWS\System32\ADVAPI32.dll
0x00007ff9a8740000 - 0x00007ff9a87de000 	C:\WINDOWS\System32\msvcrt.dll
0x00007ff9a86a0000 - 0x00007ff9a8737000 	C:\WINDOWS\System32\sechost.dll
0x00007ff9a6ae0000 - 0x00007ff9a6c00000 	C:\WINDOWS\System32\RPCRT4.dll
0x00007ff9a7830000 - 0x00007ff9a79c4000 	C:\WINDOWS\System32\USER32.dll
0x00007ff9a6a60000 - 0x00007ff9a6a81000 	C:\WINDOWS\System32\win32u.dll
0x00007ff9a7aa0000 - 0x00007ff9a7ac6000 	C:\WINDOWS\System32\GDI32.dll
0x00007ff9a68c0000 - 0x00007ff9a6a54000 	C:\WINDOWS\System32\gdi32full.dll
0x00007ff9a6140000 - 0x00007ff9a61de000 	C:\WINDOWS\System32\msvcp_win.dll
0x00007ff9a65e0000 - 0x00007ff9a66da000 	C:\WINDOWS\System32\ucrtbase.dll
0x00007ff98c2d0000 - 0x00007ff98c554000 	C:\WINDOWS\WinSxS\amd64_microsoft.windows.common-controls_6595b64144ccf1df_6.0.18362.836_none_e6c4b943130f18ed\COMCTL32.dll
0x00007ff9a81b0000 - 0x00007ff9a84e6000 	C:\WINDOWS\System32\combase.dll
0x00007ff9a6840000 - 0x00007ff9a68c0000 	C:\WINDOWS\System32\bcryptPrimitives.dll
0x00007ff9a7250000 - 0x00007ff9a727e000 	C:\WINDOWS\System32\IMM32.DLL
0x00000000571b0000 - 0x0000000057282000 	C:\Program Files\Android\Android Studio\jre\jre\bin\msvcr100.dll
0x0000000057370000 - 0x0000000057bb6000 	C:\Program Files\Android\Android Studio\jre\jre\bin\server\jvm.dll
0x00007ff9a6c00000 - 0x00007ff9a6c08000 	C:\WINDOWS\System32\PSAPI.DLL
0x00007ff9a3980000 - 0x00007ff9a39a4000 	C:\WINDOWS\SYSTEM32\WINMM.dll
0x00007ff995ec0000 - 0x00007ff995eca000 	C:\WINDOWS\SYSTEM32\VERSION.dll
0x00007ff9962d0000 - 0x00007ff9962d9000 	C:\WINDOWS\SYSTEM32\WSOCK32.dll
0x00007ff9a7080000 - 0x00007ff9a70ef000 	C:\WINDOWS\System32\WS2_32.dll
0x00007ff9a3950000 - 0x00007ff9a397d000 	C:\WINDOWS\SYSTEM32\WINMMBASE.dll
0x00007ff9a6a90000 - 0x00007ff9a6ada000 	C:\WINDOWS\System32\cfgmgr32.dll
0x00007ff99fac0000 - 0x00007ff99facf000 	C:\Program Files\Android\Android Studio\jre\jre\bin\verify.dll
0x00007ff989e10000 - 0x00007ff989e39000 	C:\Program Files\Android\Android Studio\jre\jre\bin\java.dll
0x00007ff99a650000 - 0x00007ff99a666000 	C:\Program Files\Android\Android Studio\jre\jre\bin\zip.dll
0x00007ff9a87e0000 - 0x00007ff9a8ec4000 	C:\WINDOWS\System32\SHELL32.dll
0x00007ff9a85d0000 - 0x00007ff9a8679000 	C:\WINDOWS\System32\shcore.dll
0x00007ff9a59c0000 - 0x00007ff9a613e000 	C:\WINDOWS\System32\windows.storage.dll
0x00007ff9a5920000 - 0x00007ff9a5943000 	C:\WINDOWS\System32\profapi.dll
0x00007ff9a5970000 - 0x00007ff9a59ba000 	C:\WINDOWS\System32\powrprof.dll
0x00007ff9a58f0000 - 0x00007ff9a5900000 	C:\WINDOWS\System32\UMPDC.dll
0x00007ff9a7590000 - 0x00007ff9a75e2000 	C:\WINDOWS\System32\shlwapi.dll
0x00007ff9a5950000 - 0x00007ff9a5961000 	C:\WINDOWS\System32\kernel.appcore.dll
0x00007ff9a66e0000 - 0x00007ff9a66f7000 	C:\WINDOWS\System32\cryptsp.dll
0x00007ff98c990000 - 0x00007ff98c9aa000 	C:\Program Files\Android\Android Studio\jre\jre\bin\net.dll
0x00007ff9a8ed0000 - 0x00007ff9a90a6000 	C:\WINDOWS\System32\urlmon.dll
0x00007ff9a90d0000 - 0x00007ff9a9376000 	C:\WINDOWS\System32\iertutil.dll
0x00007ff9a52d0000 - 0x00007ff9a52dc000 	C:\WINDOWS\SYSTEM32\CRYPTBASE.DLL
0x00007ff9a5100000 - 0x00007ff9a5167000 	C:\WINDOWS\system32\mswsock.dll
0x00007ff989df0000 - 0x00007ff989e03000 	C:\Program Files\Android\Android Studio\jre\jre\bin\nio.dll
0x00007ff99e940000 - 0x00007ff99e966000 	C:\Users\Diego\.gradle\native\30\windows-amd64\native-platform.dll
0x00007ff99fab0000 - 0x00007ff99fabd000 	C:\Program Files\Android\Android Studio\jre\jre\bin\management.dll
0x00007ff9a4c70000 - 0x00007ff9a4ca3000 	C:\WINDOWS\system32\rsaenh.dll
0x00007ff9a6700000 - 0x00007ff9a6726000 	C:\WINDOWS\System32\bcrypt.dll
0x00007ff9a57e0000 - 0x00007ff9a5805000 	C:\WINDOWS\SYSTEM32\USERENV.dll
0x00007ff9a4e10000 - 0x00007ff9a4e4a000 	C:\WINDOWS\SYSTEM32\IPHLPAPI.DLL
0x00007ff9a7280000 - 0x00007ff9a7288000 	C:\WINDOWS\System32\NSI.dll
0x00007ff99a040000 - 0x00007ff99a056000 	C:\WINDOWS\SYSTEM32\dhcpcsvc6.DLL
0x00007ff99a260000 - 0x00007ff99a27c000 	C:\WINDOWS\SYSTEM32\dhcpcsvc.DLL
0x00007ff9a4e50000 - 0x00007ff9a4f1b000 	C:\WINDOWS\SYSTEM32\DNSAPI.dll
0x00007ff987cc0000 - 0x00007ff987ce4000 	C:\Program Files\Android\Android Studio\jre\jre\bin\sunec.dll
0x00007ff997c20000 - 0x00007ff997c2a000 	C:\Windows\System32\rasadhlp.dll
0x00007ff999f60000 - 0x00007ff999fd7000 	C:\WINDOWS\System32\fwpuclnt.dll
0x00007ff98b720000 - 0x00007ff98b72b000 	C:\Program Files\Android\Android Studio\jre\jre\bin\sunmscapi.dll
0x00007ff9a6490000 - 0x00007ff9a65d9000 	C:\WINDOWS\System32\CRYPT32.dll
0x00007ff9a5900000 - 0x00007ff9a5912000 	C:\WINDOWS\System32\MSASN1.dll

VM Arguments:
jvm_args: -Xmx1536m -Dfile.encoding=windows-1252 -Duser.country=BR -Duser.language=pt -Duser.variant 
java_command: org.gradle.launcher.daemon.bootstrap.GradleDaemon 5.6.4
java_class_path (initial): C:\Users\Diego\.gradle\wrapper\dists\gradle-5.6.4-all\ankdp27end7byghfw1q2sw75f\gradle-5.6.4\lib\gradle-launcher-5.6.4.jar
Launcher Type: SUN_STANDARD

Environment Variables:
PATH=C:\appwin\oracle11\product\11.2.0\client_1\bin;C:\Program Files (x86)\AMD APP\bin\x86_64;C:\Program Files (x86)\AMD APP\bin\x86;C:\Program Files (x86)\Common Files\Oracle\Java\javapath;C:\Program Files (x86)\Common Files\Intel\Shared Files\cpp\bin\Intel64;C:\Program Files\Common Files\Microsoft Shared\Windows Live;C:\Program Files (x86)\Common Files\Microsoft Shared\Windows Live;C:\WINDOWS\system32;C:\WINDOWS;C:\WINDOWS\System32\Wbem;C:\WINDOWS\System32\WindowsPowerShell\v1.0\;C:\Program Files (x86)\ATI Technologies\ATI.ACE\Core-Static;C:\Program Files (x86)\Windows Live\Shared;C:\Program Files (x86)\AMD\ATI.ACE\Core-Static;C:\Program Files (x86)\Brackets\command;C:\Program Files\nodejs\;C:\WINDOWS\System32\OpenSSH\;C:\Program Files\Git\cmd;C:\Program Files (x86)\Tesseract-OCR;C:\Users\Diego\AppData\Local\atom\bin;C:\Users\Diego\AppData\Local\GitHubDesktop\bin;C:\Users\Diego\AppData\Roaming\npm;%USERPROFILE%\AppData\Local\Microsoft\WindowsApps;
USERNAME=Diego
OS=Windows_NT
PROCESSOR_IDENTIFIER=Intel64 Family 6 Model 42 Stepping 7, GenuineIntel



---------------  S Y S T E M  ---------------

OS: Windows 10.0 , 64 bit Build 18362 (10.0.18362.778)

CPU:total 4 (initial active 4) (2 cores per cpu, 2 threads per core) family 6 model 42 stepping 7, cmov, cx8, fxsr, mmx, sse, sse2, sse3, ssse3, sse4.1, sse4.2, popcnt, avx, aes, clmul, ht, tsc, tscinvbit

Memory: 4k page, physical 8280232k(918136k free), swap 8280232k(5620k free)

vm_info: OpenJDK 64-Bit Server VM (25.212-b04) for windows-amd64 JRE (1.8.0_212-release-1586-b04), built by "builder" with MS VC++ 10.0 (VS2010)

time: Fri Jun 12 20:42:26 2020
timezone: Hora oficial do Brasil
elapsed time: 1307 seconds (0d 0h 21m 47s)

